<?xml version="1.0" encoding="UTF-8"?>
<!-- Generated by org.testng.reporters.JUnitXMLReporter -->
<testsuite ignored="0" hostname="DESKTOP-B83FSQA" failures="0" tests="6" name="Default test" time="0.749" errors="0" timestamp="2022-11-09T14:56:45 IST">
  <testcase classname="com.TestNGScenario.practice.LoginLogoutDemo" name="launchBrowser" time="0.477"/>
  <testcase classname="com.TestNGScenario.practice.LoginLogoutDemo" name="navigate" time="0.03"/>
  <testcase classname="com.TestNGScenario.practice.LoginLogoutDemo" name="login" time="0.059"/>
  <testcase classname="com.TestNGScenario.practice.LoginLogoutDemo" name="minimizeFlyOutwindow" time="0.01"/>
  <testcase classname="com.TestNGScenario.practice.LoginLogoutDemo" name="logout" time="0.017"/>
  <testcase classname="com.TestNGScenario.practice.LoginLogoutDemo" name="closeApp" time="0.01"/>
</testsuite> <!-- Default test -->
