<?xml version="1.0" encoding="UTF-8"?>
<testng-results ignored="0" total="3" passed="3" failed="0" skipped="0">
  <reporter-output>
  </reporter-output>
  <suite started-at="2022-11-09T13:37:04 IST" name="Default suite" finished-at="2022-11-09T13:37:04 IST" duration-ms="93">
    <groups>
    </groups>
    <test started-at="2022-11-09T13:37:04 IST" name="Default test" finished-at="2022-11-09T13:37:04 IST" duration-ms="93">
      <class name="com.Users.practice.Users">
        <test-method is-config="true" signature="setUp()[pri:0, instance:com.Users.practice.Users@2bfc268b]" started-at="2022-11-09T13:37:04 IST" name="setUp" finished-at="2022-11-09T13:37:04 IST" duration-ms="9" status="PASS">
          <reporter-output>
          </reporter-output>
        </test-method> <!-- setUp -->
        <test-method signature="createUser()[pri:0, instance:com.Users.practice.Users@2bfc268b]" started-at="2022-11-09T13:37:04 IST" name="createUser" finished-at="2022-11-09T13:37:04 IST" duration-ms="9" status="PASS">
          <reporter-output>
          </reporter-output>
        </test-method> <!-- createUser -->
        <test-method signature="deleteUser()[pri:0, instance:com.Users.practice.Users@2bfc268b]" started-at="2022-11-09T13:37:04 IST" name="deleteUser" finished-at="2022-11-09T13:37:04 IST" duration-ms="3" status="PASS">
          <reporter-output>
          </reporter-output>
        </test-method> <!-- deleteUser -->
        <test-method signature="modifyUser()[pri:0, instance:com.Users.practice.Users@2bfc268b]" started-at="2022-11-09T13:37:04 IST" name="modifyUser" finished-at="2022-11-09T13:37:04 IST" duration-ms="3" status="PASS">
          <reporter-output>
          </reporter-output>
        </test-method> <!-- modifyUser -->
        <test-method is-config="true" signature="tearDown()[pri:0, instance:com.Users.practice.Users@2bfc268b]" started-at="2022-11-09T13:37:04 IST" name="tearDown" finished-at="2022-11-09T13:37:04 IST" duration-ms="1" status="PASS">
          <reporter-output>
          </reporter-output>
        </test-method> <!-- tearDown -->
      </class> <!-- com.Users.practice.Users -->
    </test> <!-- Default test -->
  </suite> <!-- Default suite -->
</testng-results>
