<?xml version="1.0" encoding="UTF-8"?>
<!-- Generated by org.testng.reporters.JUnitXMLReporter -->
<testsuite ignored="0" hostname="DESKTOP-B83FSQA" failures="0" tests="3" name="Default test" time="0.093" errors="0" timestamp="2022-11-09T13:37:04 IST">
  <testcase classname="com.Users.practice.Users" name="createUser" time="0.009"/>
  <testcase classname="com.Users.practice.Users" name="deleteUser" time="0.003"/>
  <testcase classname="com.Users.practice.Users" name="modifyUser" time="0.003"/>
</testsuite> <!-- Default test -->
