<?xml version="1.0" encoding="UTF-8"?>
<testng-results ignored="0" total="6" passed="6" failed="0" skipped="0">
  <reporter-output>
  </reporter-output>
  <suite started-at="2022-11-09T14:56:45 IST" name="Default suite" finished-at="2022-11-09T14:56:45 IST" duration-ms="749">
    <groups>
    </groups>
    <test started-at="2022-11-09T14:56:45 IST" name="Default test" finished-at="2022-11-09T14:56:45 IST" duration-ms="749">
      <class name="com.TestNGScenario.practice.LoginLogoutDemo">
        <test-method signature="launchBrowser()[pri:1, instance:com.TestNGScenario.practice.LoginLogoutDemo@5fbdfdcf]" started-at="2022-11-09T14:56:45 IST" name="launchBrowser" finished-at="2022-11-09T14:56:45 IST" duration-ms="477" status="PASS">
          <reporter-output>
          </reporter-output>
        </test-method> <!-- launchBrowser -->
        <test-method signature="navigate()[pri:2, instance:com.TestNGScenario.practice.LoginLogoutDemo@5fbdfdcf]" started-at="2022-11-09T14:56:45 IST" name="navigate" finished-at="2022-11-09T14:56:45 IST" duration-ms="30" status="PASS">
          <reporter-output>
          </reporter-output>
        </test-method> <!-- navigate -->
        <test-method signature="login(java.lang.String,java.lang.String)[pri:3, instance:com.TestNGScenario.practice.LoginLogoutDemo@5fbdfdcf]" started-at="2022-11-09T14:56:45 IST" name="login" data-provider="login" finished-at="2022-11-09T14:56:45 IST" duration-ms="59" status="PASS">
          <params>
            <param index="0">
              <value>
                <![CDATA[admin]]>
              </value>
            </param>
            <param index="1">
              <value>
                <![CDATA[manager]]>
              </value>
            </param>
          </params>
          <reporter-output>
          </reporter-output>
        </test-method> <!-- login -->
        <test-method signature="minimizeFlyOutwindow()[pri:4, instance:com.TestNGScenario.practice.LoginLogoutDemo@5fbdfdcf]" started-at="2022-11-09T14:56:45 IST" name="minimizeFlyOutwindow" finished-at="2022-11-09T14:56:45 IST" duration-ms="10" status="PASS">
          <reporter-output>
          </reporter-output>
        </test-method> <!-- minimizeFlyOutwindow -->
        <test-method signature="logout()[pri:5, instance:com.TestNGScenario.practice.LoginLogoutDemo@5fbdfdcf]" started-at="2022-11-09T14:56:45 IST" name="logout" finished-at="2022-11-09T14:56:45 IST" duration-ms="17" status="PASS">
          <reporter-output>
          </reporter-output>
        </test-method> <!-- logout -->
        <test-method signature="closeApp()[pri:6, instance:com.TestNGScenario.practice.LoginLogoutDemo@5fbdfdcf]" started-at="2022-11-09T14:56:45 IST" name="closeApp" finished-at="2022-11-09T14:56:45 IST" duration-ms="10" status="PASS">
          <reporter-output>
          </reporter-output>
        </test-method> <!-- closeApp -->
      </class> <!-- com.TestNGScenario.practice.LoginLogoutDemo -->
    </test> <!-- Default test -->
  </suite> <!-- Default suite -->
</testng-results>
